c:\users\ahmed\documents\courses\spring 2023\c++\project\vs atm machine\vs_atm\vs_atm\x64\debug\vc143.pdb
c:\users\ahmed\documents\courses\spring 2023\c++\project\vs atm machine\vs_atm\vs_atm\x64\debug\vc143.idb
c:\users\ahmed\documents\courses\spring 2023\c++\project\vs atm machine\vs_atm\vs_atm\x64\debug\withdrawal.obj
c:\users\ahmed\documents\courses\spring 2023\c++\project\vs atm machine\vs_atm\vs_atm\x64\debug\transaction.obj
c:\users\ahmed\documents\courses\spring 2023\c++\project\vs atm machine\vs_atm\vs_atm\x64\debug\screen.obj
c:\users\ahmed\documents\courses\spring 2023\c++\project\vs atm machine\vs_atm\vs_atm\x64\debug\main.obj
c:\users\ahmed\documents\courses\spring 2023\c++\project\vs atm machine\vs_atm\vs_atm\x64\debug\keypad.obj
c:\users\ahmed\documents\courses\spring 2023\c++\project\vs atm machine\vs_atm\vs_atm\x64\debug\depositslot.obj
c:\users\ahmed\documents\courses\spring 2023\c++\project\vs atm machine\vs_atm\vs_atm\x64\debug\bankdatabase.obj
c:\users\ahmed\documents\courses\spring 2023\c++\project\vs atm machine\vs_atm\vs_atm\x64\debug\account.obj
c:\users\ahmed\documents\courses\spring 2023\c++\project\vs atm machine\vs_atm\x64\debug\vs_atm.pdb
c:\users\ahmed\documents\courses\spring 2023\c++\project\vs atm machine\vs_atm\vs_atm\x64\debug\vs_atm.tlog\cl.command.1.tlog
c:\users\ahmed\documents\courses\spring 2023\c++\project\vs atm machine\vs_atm\vs_atm\x64\debug\vs_atm.tlog\cl.read.1.tlog
c:\users\ahmed\documents\courses\spring 2023\c++\project\vs atm machine\vs_atm\vs_atm\x64\debug\vs_atm.tlog\cl.write.1.tlog
c:\users\ahmed\documents\courses\spring 2023\c++\project\vs atm machine\vs_atm\vs_atm\x64\debug\vs_atm.tlog\link-cvtres.read.1.tlog
c:\users\ahmed\documents\courses\spring 2023\c++\project\vs atm machine\vs_atm\vs_atm\x64\debug\vs_atm.tlog\link-cvtres.write.1.tlog
c:\users\ahmed\documents\courses\spring 2023\c++\project\vs atm machine\vs_atm\vs_atm\x64\debug\vs_atm.tlog\link-rc.read.1.tlog
c:\users\ahmed\documents\courses\spring 2023\c++\project\vs atm machine\vs_atm\vs_atm\x64\debug\vs_atm.tlog\link-rc.write.1.tlog
c:\users\ahmed\documents\courses\spring 2023\c++\project\vs atm machine\vs_atm\vs_atm\x64\debug\vs_atm.tlog\link.command.1.tlog
c:\users\ahmed\documents\courses\spring 2023\c++\project\vs atm machine\vs_atm\vs_atm\x64\debug\vs_atm.tlog\link.read.1.tlog
c:\users\ahmed\documents\courses\spring 2023\c++\project\vs atm machine\vs_atm\vs_atm\x64\debug\vs_atm.tlog\link.read.2.tlog
c:\users\ahmed\documents\courses\spring 2023\c++\project\vs atm machine\vs_atm\vs_atm\x64\debug\vs_atm.tlog\link.write.1.tlog
